<?xml version="1.0" encoding="UTF-8"?>
<testng-results ignored="0" total="1" passed="1" failed="0" skipped="0">
  <reporter-output>
  </reporter-output>
  <suite started-at="2023-12-12T19:15:10 IST" name="Default suite" finished-at="2023-12-12T19:15:16 IST" duration-ms="6161">
    <groups>
    </groups>
    <test started-at="2023-12-12T19:15:10 IST" name="Default test" finished-at="2023-12-12T19:15:16 IST" duration-ms="6161">
      <class name="com.nn.DirectDebitSEPA.FunctionalTestCases">
        <test-method signature="prosessPartialFullRefund()[pri:0, instance:com.nn.DirectDebitSEPA.FunctionalTestCases@6283d8b8]" started-at="2023-12-12T19:15:10 IST" name="prosessPartialFullRefund" finished-at="2023-12-12T19:15:16 IST" duration-ms="6135" status="PASS">
          <reporter-output>
          </reporter-output>
        </test-method> <!-- prosessPartialFullRefund -->
      </class> <!-- com.nn.DirectDebitSEPA.FunctionalTestCases -->
    </test> <!-- Default test -->
  </suite> <!-- Default suite -->
</testng-results>
