<?xml version="1.0" encoding="UTF-8"?>
<testng-results ignored="0" total="1" passed="1" failed="0" skipped="0">
  <reporter-output>
  </reporter-output>
  <suite started-at="2023-12-13T14:10:43 IST" name="Default suite" finished-at="2023-12-13T14:10:48 IST" duration-ms="4726">
    <groups>
    </groups>
    <test started-at="2023-12-13T14:10:43 IST" name="Default test" finished-at="2023-12-13T14:10:48 IST" duration-ms="4726">
      <class name="com.nn.DirectDebitSEPA.FunctionalTestCases">
        <test-method signature="transactionCaptureCancel()[pri:0, instance:com.nn.DirectDebitSEPA.FunctionalTestCases@41e1e210]" started-at="2023-12-13T14:10:43 IST" name="transactionCaptureCancel" finished-at="2023-12-13T14:10:48 IST" duration-ms="4709" status="PASS">
          <reporter-output>
          </reporter-output>
        </test-method> <!-- transactionCaptureCancel -->
      </class> <!-- com.nn.DirectDebitSEPA.FunctionalTestCases -->
    </test> <!-- Default test -->
  </suite> <!-- Default suite -->
</testng-results>
